[debug] [2022-01-03T20:55:09.908Z] ----------------------------------------------------------------------
[debug] [2022-01-03T20:55:09.911Z] Command:       C:\Program Files\nodejs\node.exe C:\Users\khfay\AppData\Roaming\npm\node_modules\firebase-tools\lib\bin\firebase.js init
[debug] [2022-01-03T20:55:09.911Z] CLI Version:   10.0.1
[debug] [2022-01-03T20:55:09.911Z] Platform:      win32
[debug] [2022-01-03T20:55:09.912Z] Node Version:  v17.3.0
[debug] [2022-01-03T20:55:09.913Z] Time:          Mon Jan 03 2022 22:55:09 GMT+0200 (Eastern European Standard Time)
[debug] [2022-01-03T20:55:09.913Z] ----------------------------------------------------------------------
[debug] 
[debug] [2022-01-03T20:55:09.973Z] > command requires scopes: ["email","openid","https://www.googleapis.com/auth/cloudplatformprojects.readonly","https://www.googleapis.com/auth/firebase","https://www.googleapis.com/auth/cloud-platform"]
[debug] [2022-01-03T20:55:09.973Z] > authorizing via signed-in user (miniguideofficial@gmail.com)
[info] 
     ######## #### ########  ######## ########     ###     ######  ########
     ##        ##  ##     ## ##       ##     ##  ##   ##  ##       ##
     ######    ##  ########  ######   ########  #########  ######  ######
     ##        ##  ##    ##  ##       ##     ## ##     ##       ## ##
     ##       #### ##     ## ######## ########  ##     ##  ######  ########

You're about to initialize a Firebase project in this directory:

  D:\Project\Website

Before we get started, keep in mind:

  * You are initializing within an existing Firebase project directory

[info] 
=== Project Setup
[info] 
[info] First, let's associate this project directory with a Firebase project.
[info] You can create multiple project aliases by running firebase use --add, 
[info] but for now we'll just set up a default project.
[info] 
[debug] [2022-01-03T20:55:28.416Z] Using project from CLI flag: mini-guide-c3ac7
[debug] [2022-01-03T20:55:28.419Z] > refreshing access token with scopes: []
[debug] [2022-01-03T20:55:28.419Z] >>> HTTP REQUEST POST https://www.googleapis.com/oauth2/v3/token  
 <request body omitted>
[debug] [2022-01-03T20:55:28.771Z] <<< HTTP RESPONSE 200 {"cache-control":"no-cache, no-store, max-age=0, must-revalidate","expires":"Mon, 01 Jan 1990 00:00:00 GMT","date":"Mon, 03 Jan 2022 20:55:28 GMT","pragma":"no-cache","content-type":"application/json; charset=utf-8","vary":"X-Origin, Referer, Origin,Accept-Encoding","server":"scaffolding on HTTPServer2","x-xss-protection":"0","x-frame-options":"SAMEORIGIN","x-content-type-options":"nosniff","alt-svc":"h3=\":443\"; ma=2592000,h3-29=\":443\"; ma=2592000,h3-Q050=\":443\"; ma=2592000,h3-Q046=\":443\"; ma=2592000,h3-Q043=\":443\"; ma=2592000,quic=\":443\"; ma=2592000; v=\"46,43\"","accept-ranges":"none","transfer-encoding":"chunked"}
[debug] [2022-01-03T20:55:28.835Z] >>> [apiv2][query] GET https://firebase.googleapis.com/v1beta1/projects/mini-guide-c3ac7 [none]
[debug] [2022-01-03T20:55:29.226Z] <<< [apiv2][status] GET https://firebase.googleapis.com/v1beta1/projects/mini-guide-c3ac7 200
[debug] [2022-01-03T20:55:29.227Z] <<< [apiv2][body] GET https://firebase.googleapis.com/v1beta1/projects/mini-guide-c3ac7 {"projectId":"mini-guide-c3ac7","projectNumber":"498982769569","displayName":"Mini Guide","name":"projects/mini-guide-c3ac7","resources":{"hostingSite":"mini-guide-c3ac7","realtimeDatabaseInstance":"mini-guide-c3ac7-default-rtdb","storageBucket":"mini-guide-c3ac7.appspot.com","locationId":"europe-west"},"state":"ACTIVE"}
[info] i  Using project mini-guide-c3ac7 (Mini Guide) 
[info] 
=== Hosting Setup
[info] 
[info] Your public directory is the folder (relative to your project directory) that
[info] will contain Hosting assets to be uploaded with firebase deploy. If you
[info] have a build process for your assets, use your build's output directory.
[info] 
